2026-01-04T18:58:33.760Z 	 info: Azurite Blob service is starting on 127.0.0.1:10000
2026-01-04T18:58:33.763Z 	 info: AccountDataStore:init() Refresh accounts from environment variable AZURITE_ACCOUNTS with value undefined
2026-01-04T18:58:33.763Z 	 info: AccountDataStore:init() Fallback to default emulator account devstoreaccount1.
2026-01-04T18:58:33.768Z 	 info: BlobGCManager:start() Starting BlobGCManager. Set status to Initializing.
2026-01-04T18:58:33.768Z 	 info: BlobGCManager:start() Trigger mark and sweep loop. Set status to Running.
2026-01-04T18:58:33.768Z 	 info: BlobGCManager:markSweepLoop() Start next mark and sweep.
2026-01-04T18:58:33.768Z 	 info: BlobGCManager:markSweep() Get all extents.
2026-01-04T18:58:33.768Z 	 info: BlobGCManager:start() BlobGCManager successfully started.
2026-01-04T18:58:33.771Z 	 info: BlobGCManager:markSweep() Got 0 extents.
2026-01-04T18:58:33.772Z 	 info: BlobGCManager:markSweep() Get referred extents.
2026-01-04T18:58:33.772Z 	 info: BlobGCManager:markSweep() Got referred extents, unreferenced extents count is 0.
2026-01-04T18:58:33.772Z 	 info: BlobGCManager:markSweepLoop() Mark and sweep finished, taken 4ms.
2026-01-04T18:58:33.772Z 	 info: BlobGCManager:markSweepLoop() Sleep for 600000ms.
2026-01-04T18:58:33.775Z 	 info: Azurite Blob service successfully listens on http://127.0.0.1:10000
2026-01-04T18:58:33.775Z 	 info: Azurite Queue service is starting on 127.0.0.1:10001
2026-01-04T18:58:33.775Z 	 info: AccountDataStore:init() Refresh accounts from environment variable AZURITE_ACCOUNTS with value undefined
2026-01-04T18:58:33.775Z 	 info: AccountDataStore:init() Fallback to default emulator account devstoreaccount1.
2026-01-04T18:58:33.778Z 	 info: QueueGCManager:start() Starting QueueGCManager, set status to Initializing
2026-01-04T18:58:33.778Z 	 info: QueueGCManager:start() Trigger mark and sweep loop, set status to Running.
2026-01-04T18:58:33.778Z 	 info: QueueGCManager:markSweepLoop() Start new mark and sweep.
2026-01-04T18:58:33.778Z 	 info: QueueGCManger:markSweep() Get all extents.
2026-01-04T18:58:33.778Z 	 info: QueueGCManager:start() QueueGCManager successfully started.
2026-01-04T18:58:33.778Z 	 info: QueueGCManager:marksweep() Get 0 extents.
2026-01-04T18:58:33.778Z 	 info: QueueGCManager:markSweep() Get referred extents, then remove from allExtents.
2026-01-04T18:58:33.778Z 	 info: QueueGCManager:markSweep() Got referred extents, unreferenced extents count is 0.
2026-01-04T18:58:33.778Z 	 info: QueueGCManager:markSweepLoop() Mark and sweep finished, take 0ms.
2026-01-04T18:58:33.778Z 	 info: QueueGCManager:markSweepLoop() Sleep for 60000
2026-01-04T18:58:33.780Z 	 info: Azurite Queue service successfully listens on http://127.0.0.1:10001
2026-01-04T18:58:33.780Z 	 info: Azurite Table service is starting on 127.0.0.1:10002
2026-01-04T18:58:33.780Z 	 info: AccountDataStore:init() Refresh accounts from environment variable AZURITE_ACCOUNTS with value undefined
2026-01-04T18:58:33.780Z 	 info: AccountDataStore:init() Fallback to default emulator account devstoreaccount1.
2026-01-04T18:58:33.781Z 	 info: Azurite Table service successfully listens on http://127.0.0.1:10002
2026-01-04T18:58:33.782Z 	 info: InstaceID 15fb506f-44da-444f-8447-1a9163ff08e8, SessionID 56bfe5b1-b16a-481a-a916-d726c5cf6a7c.
2026-01-04T18:58:33.792Z 	 info: Telemetry initialize successfully.
2026-01-04T18:58:33.794Z 	 verbose: Send start telemetry
